<?xml version="1.0" encoding="UTF-8"?>
<!-- Generated by org.testng.reporters.JUnitReportReporter -->
<testsuite hostname="DESKTOP-BNE3700" failures="0" tests="4" name="testCases.TC004_ProductDetailsTest" time="24.765" errors="0" timestamp="2024-12-30T12:35:54 IST" skipped="0">
  <testcase classname="testCases.TC004_ProductDetailsTest" name="selectProductCategory" time="3.114"/>
  <testcase classname="testCases.TC004_ProductDetailsTest" name="testAddProductToCart" time="17.878"/>
  <testcase classname="testCases.TC004_ProductDetailsTest" name="testProductRedirection" time="3.681"/>
  <testcase classname="testCases.TC004_ProductDetailsTest" name="testProductDetailsAccuracy" time="0.092"/>
</testsuite> <!-- testCases.TC004_ProductDetailsTest -->
