<?xml version="1.0" encoding="UTF-8"?>
<!-- Generated by org.testng.reporters.JUnitReportReporter -->
<testsuite hostname="DESKTOP-BNE3700" failures="0" tests="1" name="testCases.TC007_EndToEndTest" time="25.345" errors="0" timestamp="2024-12-30T12:35:54 IST" skipped="0">
  <testcase classname="testCases.TC007_EndToEndTest" name="testCompleteCart" time="25.345"/>
</testsuite> <!-- testCases.TC007_EndToEndTest -->
