<?xml version="1.0" encoding="UTF-8"?>
<!-- Generated by org.testng.reporters.JUnitReportReporter -->
<testsuite hostname="DESKTOP-BNE3700" failures="0" tests="3" name="testCases.TC005_CartTest" time="60.128" errors="0" timestamp="2024-12-30T12:35:54 IST" skipped="0">
  <testcase classname="testCases.TC005_CartTest" name="testDeleteItemFromCart" time="6.727"/>
  <testcase classname="testCases.TC005_CartTest" name="testTotalPriceCalculation" time="13.836"/>
  <testcase classname="testCases.TC005_CartTest" name="testClearCart" time="39.565"/>
</testsuite> <!-- testCases.TC005_CartTest -->
