<?xml version="1.0" encoding="UTF-8"?>
<!-- Generated by org.testng.reporters.JUnitReportReporter -->
<testsuite hostname="DESKTOP-BNE3700" failures="0" tests="2" name="testCases.TC001_SignUpTest" time="13.407" errors="0" timestamp="2024-12-30T12:35:54 IST" skipped="0">
  <testcase classname="testCases.TC001_SignUpTest" name="validateSignUpFunction" time="3.198"/>
  <testcase classname="testCases.TC001_SignUpTest" name="validSignUp" time="10.209"/>
</testsuite> <!-- testCases.TC001_SignUpTest -->
