<?xml version="1.0" encoding="UTF-8"?>
<!-- Generated by org.testng.reporters.JUnitReportReporter -->
<testsuite hostname="DESKTOP-BNE3700" failures="0" tests="3" name="testCases.TC003_ProductCategoryTest" time="0.260" errors="0" timestamp="2024-12-30T12:35:54 IST" skipped="0">
  <testcase classname="testCases.TC003_ProductCategoryTest" name="ProductDetails" time="0.132"/>
  <testcase classname="testCases.TC003_ProductCategoryTest" name="testVerifyNavigationMenuItems" time="0.094"/>
  <testcase classname="testCases.TC003_ProductCategoryTest" name="testVerifyCategoryMenuItems" time="0.034"/>
</testsuite> <!-- testCases.TC003_ProductCategoryTest -->
