<?xml version="1.0" encoding="UTF-8"?>
<!-- Generated by org.testng.reporters.JUnitReportReporter -->
<testsuite hostname="DESKTOP-BNE3700" failures="0" tests="1" name="testCases.TC002_LoginTest" time="6.629" errors="0" timestamp="2024-12-30T12:35:54 IST" skipped="0">
  <testcase classname="testCases.TC002_LoginTest" name="Validlogin" time="6.629"/>
</testsuite> <!-- testCases.TC002_LoginTest -->
