<?xml version="1.0" encoding="UTF-8"?>
<!-- Generated by org.testng.reporters.JUnitReportReporter -->
<testsuite hostname="DESKTOP-BNE3700" failures="0" tests="2" name="testCases.TC006_PurchaseTest" time="9.282" errors="0" timestamp="2024-12-30T12:35:54 IST" skipped="0">
  <testcase classname="testCases.TC006_PurchaseTest" name="testOrderWindowRedirection" time="5.448"/>
  <testcase classname="testCases.TC006_PurchaseTest" name="testCompleteOrderProcess" time="3.834"/>
</testsuite> <!-- testCases.TC006_PurchaseTest -->
